<?xml version="1.0" encoding="UTF-8"?>
<coverage generated="1675093216196" clover="3.2.0">
  <project timestamp="1675093216196" name="All files">
    <metrics statements="67" coveredstatements="39" conditionals="117" coveredconditionals="34" methods="30" coveredmethods="16" elements="214" coveredelements="89" complexity="0" loc="67" ncloc="67" packages="5" files="7" classes="7"/>
    <package name="config">
      <metrics statements="2" coveredstatements="2" conditionals="0" coveredconditionals="0" methods="0" coveredmethods="0"/>
      <file name="status.js" path="D:\my-brand-be\src\config\status.js">
        <metrics statements="2" coveredstatements="2" conditionals="0" coveredconditionals="0" methods="0" coveredmethods="0"/>
        <line num="1" count="1" type="stmt"/>
        <line num="16" count="1" type="stmt"/>
      </file>
    </package>
    <package name="controller">
      <metrics statements="15" coveredstatements="11" conditionals="33" coveredconditionals="14" methods="10" coveredmethods="7"/>
      <file name="auth.js" path="D:\my-brand-be\src\controller\auth.js">
        <metrics statements="15" coveredstatements="11" conditionals="33" coveredconditionals="14" methods="10" coveredmethods="7"/>
        <line num="1" count="2" type="stmt"/>
        <line num="2" count="213" type="cond" truecount="7" falsecount="14"/>
        <line num="3" count="3" type="cond" truecount="2" falsecount="0"/>
        <line num="5" count="12" type="cond" truecount="5" falsecount="0"/>
        <line num="7" count="2" type="stmt"/>
        <line num="8" count="1" type="stmt"/>
        <line num="9" count="4" type="stmt"/>
        <line num="11" count="2" type="stmt"/>
        <line num="13" count="1" type="stmt"/>
        <line num="15" count="1" type="cond" truecount="0" falsecount="5"/>
        <line num="17" count="0" type="stmt"/>
        <line num="18" count="0" type="stmt"/>
        <line num="19" count="0" type="stmt"/>
        <line num="21" count="0" type="stmt"/>
        <line num="23" count="1" type="stmt"/>
      </file>
    </package>
    <package name="database.models">
      <metrics statements="26" coveredstatements="13" conditionals="47" coveredconditionals="12" methods="14" coveredmethods="5"/>
      <file name="authentication.js" path="D:\my-brand-be\src\database\models\authentication.js">
        <metrics statements="26" coveredstatements="13" conditionals="47" coveredconditionals="12" methods="14" coveredmethods="5"/>
        <line num="1" count="2" type="stmt"/>
        <line num="2" count="55" type="cond" truecount="7" falsecount="14"/>
        <line num="3" count="1" type="stmt"/>
        <line num="4" count="4" type="cond" truecount="5" falsecount="2"/>
        <line num="6" count="1" type="stmt"/>
        <line num="22" count="2" type="cond" truecount="0" falsecount="5"/>
        <line num="23" count="0" type="cond" truecount="0" falsecount="1"/>
        <line num="24" count="1" type="stmt"/>
        <line num="25" count="0" type="stmt"/>
        <line num="27" count="0" type="stmt"/>
        <line num="28" count="1" type="stmt"/>
        <line num="30" count="1" type="stmt"/>
        <line num="32" count="1" type="cond" truecount="0" falsecount="4"/>
        <line num="33" count="0" type="stmt"/>
        <line num="34" count="0" type="stmt"/>
        <line num="35" count="0" type="stmt"/>
        <line num="36" count="1" type="stmt"/>
        <line num="38" count="1" type="cond" truecount="0" falsecount="7"/>
        <line num="39" count="0" type="cond" truecount="0" falsecount="1"/>
        <line num="40" count="0" type="stmt"/>
        <line num="42" count="0" type="cond" truecount="0" falsecount="1"/>
        <line num="43" count="0" type="stmt"/>
        <line num="44" count="0" type="stmt"/>
        <line num="47" count="0" type="stmt"/>
        <line num="48" count="0" type="stmt"/>
        <line num="49" count="1" type="stmt"/>
      </file>
    </package>
    <package name="helpers">
      <metrics statements="1" coveredstatements="1" conditionals="6" coveredconditionals="4" methods="1" coveredmethods="1"/>
      <file name="index.js" path="D:\my-brand-be\src\helpers\index.js">
        <metrics statements="1" coveredstatements="1" conditionals="6" coveredconditionals="4" methods="1" coveredmethods="1"/>
        <line num="1" count="3" type="cond" truecount="4" falsecount="2"/>
      </file>
    </package>
    <package name="helpers.tokens">
      <metrics statements="23" coveredstatements="12" conditionals="31" coveredconditionals="4" methods="5" coveredmethods="3"/>
      <file name="index.js" path="D:\my-brand-be\src\helpers\tokens\index.js">
        <metrics statements="2" coveredstatements="2" conditionals="2" coveredconditionals="2" methods="1" coveredmethods="1"/>
        <line num="1" count="1" type="stmt"/>
        <line num="2" count="2" type="cond" truecount="2" falsecount="0"/>
      </file>
      <file name="tokenDecoder.js" path="D:\my-brand-be\src\helpers\tokens\tokenDecoder.js">
        <metrics statements="8" coveredstatements="5" conditionals="6" coveredconditionals="1" methods="2" coveredmethods="1"/>
        <line num="1" count="2" type="stmt"/>
        <line num="3" count="2" type="cond" truecount="1" falsecount="1"/>
        <line num="5" count="1" type="stmt"/>
        <line num="10" count="1" type="cond" truecount="0" falsecount="4"/>
        <line num="11" count="0" type="stmt"/>
        <line num="12" count="0" type="stmt"/>
        <line num="14" count="0" type="stmt"/>
        <line num="18" count="1" type="stmt"/>
      </file>
      <file name="tokenGenerator.js" path="D:\my-brand-be\src\helpers\tokens\tokenGenerator.js">
        <metrics statements="13" coveredstatements="5" conditionals="23" coveredconditionals="1" methods="2" coveredmethods="1"/>
        <line num="1" count="2" type="stmt"/>
        <line num="2" count="2" type="cond" truecount="1" falsecount="5"/>
        <line num="4" count="1" type="stmt"/>
        <line num="10" count="1" type="cond" truecount="0" falsecount="8"/>
        <line num="11" count="0" type="stmt"/>
        <line num="12" count="0" type="cond" truecount="0" falsecount="2"/>
        <line num="13" count="0" type="stmt"/>
        <line num="14" count="0" type="cond" truecount="0" falsecount="2"/>
        <line num="15" count="0" type="stmt"/>
        <line num="16" count="0" type="cond" truecount="0" falsecount="3"/>
        <line num="17" count="0" type="stmt"/>
        <line num="19" count="0" type="cond" truecount="0" falsecount="2"/>
        <line num="22" count="1" type="stmt"/>
      </file>
    </package>
  </project>
</coverage>
