{"D:\\my-brand-be\\src\\config\\status.js": {"path":"D:\\my-brand-be\\src\\config\\status.js","statementMap":{},"fnMap":{},"branchMap":{},"s":{},"f":{},"b":{},"_coverageSchema":"1a1c01bbd47fc00a2c39e90264f33305004495a9","hash":"12cfc9c6fddf1dc7a1414cd362e1d0fd0f8e21b4"}
,"D:\\my-brand-be\\src\\controller\\auth.js": {"path":"D:\\my-brand-be\\src\\controller\\auth.js","statementMap":{"0":{"start":{"line":5,"column":32},"end":{"line":13,"column":1}},"1":{"start":{"line":6,"column":4},"end":{"line":12,"column":5}},"2":{"start":{"line":7,"column":42},"end":{"line":7,"column":50}},"3":{"start":{"line":8,"column":21},"end":{"line":8,"column":56}},"4":{"start":{"line":9,"column":8},"end":{"line":9,"column":88}},"5":{"start":{"line":11,"column":8},"end":{"line":11,"column":72}},"6":{"start":{"line":15,"column":31},"end":{"line":23,"column":1}},"7":{"start":{"line":16,"column":4},"end":{"line":22,"column":5}},"8":{"start":{"line":17,"column":36},"end":{"line":17,"column":44}},"9":{"start":{"line":18,"column":21},"end":{"line":18,"column":49}},"10":{"start":{"line":19,"column":8},"end":{"line":19,"column":85}},"11":{"start":{"line":21,"column":8},"end":{"line":21,"column":72}}},"fnMap":{"0":{"name":"(anonymous_0)","decl":{"start":{"line":5,"column":32},"end":{"line":5,"column":33}},"loc":{"start":{"line":5,"column":52},"end":{"line":13,"column":1}},"line":5},"1":{"name":"(anonymous_1)","decl":{"start":{"line":15,"column":31},"end":{"line":15,"column":32}},"loc":{"start":{"line":15,"column":51},"end":{"line":23,"column":1}},"line":15}},"branchMap":{},"s":{"0":1,"1":2,"2":2,"3":2,"4":1,"5":1,"6":1,"7":2,"8":2,"9":2,"10":1,"11":1},"f":{"0":2,"1":2},"b":{},"_coverageSchema":"1a1c01bbd47fc00a2c39e90264f33305004495a9","hash":"18236add7455060c6567cafe0f50be3e93e73196"}
,"D:\\my-brand-be\\src\\database\\models\\authentication.js": {"path":"D:\\my-brand-be\\src\\database\\models\\authentication.js","statementMap":{"0":{"start":{"line":6,"column":19},"end":{"line":20,"column":2}},"1":{"start":{"line":22,"column":0},"end":{"line":28,"column":3}},"2":{"start":{"line":23,"column":15},"end":{"line":23,"column":19}},"3":{"start":{"line":24,"column":2},"end":{"line":26,"column":3}},"4":{"start":{"line":25,"column":4},"end":{"line":25,"column":56}},"5":{"start":{"line":27,"column":2},"end":{"line":27,"column":9}},"6":{"start":{"line":30,"column":20},"end":{"line":30,"column":54}},"7":{"start":{"line":32,"column":22},"end":{"line":36,"column":1}},"8":{"start":{"line":33,"column":15},"end":{"line":33,"column":50}},"9":{"start":{"line":34,"column":2},"end":{"line":34,"column":20}},"10":{"start":{"line":35,"column":2},"end":{"line":35,"column":14}},"11":{"start":{"line":38,"column":21},"end":{"line":49,"column":1}},"12":{"start":{"line":39,"column":15},"end":{"line":39,"column":44}},"13":{"start":{"line":40,"column":2},"end":{"line":40,"column":58}},"14":{"start":{"line":40,"column":13},"end":{"line":40,"column":58}},"15":{"start":{"line":42,"column":18},"end":{"line":42,"column":63}},"16":{"start":{"line":43,"column":2},"end":{"line":43,"column":61}},"17":{"start":{"line":43,"column":16},"end":{"line":43,"column":61}},"18":{"start":{"line":44,"column":18},"end":{"line":46,"column":3}},"19":{"start":{"line":47,"column":16},"end":{"line":47,"column":46}},"20":{"start":{"line":48,"column":2},"end":{"line":48,"column":23}}},"fnMap":{"0":{"name":"(anonymous_0)","decl":{"start":{"line":22,"column":23},"end":{"line":22,"column":24}},"loc":{"start":{"line":22,"column":45},"end":{"line":28,"column":1}},"line":22},"1":{"name":"(anonymous_1)","decl":{"start":{"line":32,"column":22},"end":{"line":32,"column":23}},"loc":{"start":{"line":32,"column":55},"end":{"line":36,"column":1}},"line":32},"2":{"name":"(anonymous_2)","decl":{"start":{"line":38,"column":21},"end":{"line":38,"column":22}},"loc":{"start":{"line":38,"column":48},"end":{"line":49,"column":1}},"line":38}},"branchMap":{"0":{"loc":{"start":{"line":24,"column":2},"end":{"line":26,"column":3}},"type":"if","locations":[{"start":{"line":24,"column":2},"end":{"line":26,"column":3}},{"start":{},"end":{}}],"line":24},"1":{"loc":{"start":{"line":40,"column":2},"end":{"line":40,"column":58}},"type":"if","locations":[{"start":{"line":40,"column":2},"end":{"line":40,"column":58}},{"start":{},"end":{}}],"line":40},"2":{"loc":{"start":{"line":43,"column":2},"end":{"line":43,"column":61}},"type":"if","locations":[{"start":{"line":43,"column":2},"end":{"line":43,"column":61}},{"start":{},"end":{}}],"line":43}},"s":{"0":1,"1":1,"2":0,"3":0,"4":0,"5":0,"6":1,"7":1,"8":0,"9":0,"10":0,"11":1,"12":0,"13":0,"14":0,"15":0,"16":0,"17":0,"18":0,"19":0,"20":0},"f":{"0":0,"1":0,"2":0},"b":{"0":[0,0],"1":[0,0],"2":[0,0]},"_coverageSchema":"1a1c01bbd47fc00a2c39e90264f33305004495a9","hash":"242d87d09b87d61a32bcb87104ecf4cd06fbf7d4"}
,"D:\\my-brand-be\\src\\helpers\\index.js": {"path":"D:\\my-brand-be\\src\\helpers\\index.js","statementMap":{},"fnMap":{},"branchMap":{},"s":{},"f":{},"b":{},"_coverageSchema":"1a1c01bbd47fc00a2c39e90264f33305004495a9","hash":"bf68208834a78b6136f469a8b78de7b619113199"}
,"D:\\my-brand-be\\src\\helpers\\tokens\\index.js": {"path":"D:\\my-brand-be\\src\\helpers\\tokens\\index.js","statementMap":{},"fnMap":{},"branchMap":{},"s":{},"f":{},"b":{},"_coverageSchema":"1a1c01bbd47fc00a2c39e90264f33305004495a9","hash":"003c8936dd85e553d21fe19564d1d2442cb854b4"}
,"D:\\my-brand-be\\src\\helpers\\tokens\\tokenDecoder.js": {"path":"D:\\my-brand-be\\src\\helpers\\tokens\\tokenDecoder.js","statementMap":{"0":{"start":{"line":5,"column":0},"end":{"line":5,"column":16}},"1":{"start":{"line":11,"column":4},"end":{"line":17,"column":5}},"2":{"start":{"line":12,"column":8},"end":{"line":12,"column":57}},"3":{"start":{"line":14,"column":8},"end":{"line":16,"column":9}}},"fnMap":{"0":{"name":"(anonymous_0)","decl":{"start":{"line":10,"column":15},"end":{"line":10,"column":16}},"loc":{"start":{"line":10,"column":29},"end":{"line":18,"column":1}},"line":10}},"branchMap":{"0":{"loc":{"start":{"line":10,"column":16},"end":{"line":10,"column":26}},"type":"default-arg","locations":[{"start":{"line":10,"column":24},"end":{"line":10,"column":26}}],"line":10}},"s":{"0":1,"1":0,"2":0,"3":0},"f":{"0":0},"b":{"0":[0]},"_coverageSchema":"1a1c01bbd47fc00a2c39e90264f33305004495a9","hash":"9ad23ac2f9082bb09abcfbe3ae3085982459c398"}
,"D:\\my-brand-be\\src\\helpers\\tokens\\tokenGenerator.js": {"path":"D:\\my-brand-be\\src\\helpers\\tokens\\tokenGenerator.js","statementMap":{"0":{"start":{"line":4,"column":0},"end":{"line":4,"column":16}},"1":{"start":{"line":11,"column":23},"end":{"line":11,"column":27}},"2":{"start":{"line":12,"column":2},"end":{"line":18,"column":3}},"3":{"start":{"line":13,"column":4},"end":{"line":13,"column":27}},"4":{"start":{"line":14,"column":9},"end":{"line":18,"column":3}},"5":{"start":{"line":15,"column":4},"end":{"line":15,"column":27}},"6":{"start":{"line":16,"column":9},"end":{"line":18,"column":3}},"7":{"start":{"line":17,"column":4},"end":{"line":17,"column":27}},"8":{"start":{"line":19,"column":2},"end":{"line":21,"column":11}}},"fnMap":{"0":{"name":"(anonymous_0)","decl":{"start":{"line":10,"column":15},"end":{"line":10,"column":16}},"loc":{"start":{"line":10,"column":66},"end":{"line":22,"column":1}},"line":10}},"branchMap":{"0":{"loc":{"start":{"line":10,"column":16},"end":{"line":10,"column":28}},"type":"default-arg","locations":[{"start":{"line":10,"column":26},"end":{"line":10,"column":28}}],"line":10},"1":{"loc":{"start":{"line":10,"column":30},"end":{"line":10,"column":61}},"type":"default-arg","locations":[{"start":{"line":10,"column":42},"end":{"line":10,"column":61}}],"line":10},"2":{"loc":{"start":{"line":12,"column":2},"end":{"line":18,"column":3}},"type":"if","locations":[{"start":{"line":12,"column":2},"end":{"line":18,"column":3}},{"start":{"line":14,"column":9},"end":{"line":18,"column":3}}],"line":12},"3":{"loc":{"start":{"line":14,"column":9},"end":{"line":18,"column":3}},"type":"if","locations":[{"start":{"line":14,"column":9},"end":{"line":18,"column":3}},{"start":{"line":16,"column":9},"end":{"line":18,"column":3}}],"line":14},"4":{"loc":{"start":{"line":16,"column":9},"end":{"line":18,"column":3}},"type":"if","locations":[{"start":{"line":16,"column":9},"end":{"line":18,"column":3}},{"start":{},"end":{}}],"line":16},"5":{"loc":{"start":{"line":16,"column":13},"end":{"line":16,"column":72}},"type":"binary-expr","locations":[{"start":{"line":16,"column":13},"end":{"line":16,"column":40}},{"start":{"line":16,"column":44},"end":{"line":16,"column":72}}],"line":16},"6":{"loc":{"start":{"line":19,"column":9},"end":{"line":21,"column":10}},"type":"cond-expr","locations":[{"start":{"line":20,"column":6},"end":{"line":20,"column":58}},{"start":{"line":21,"column":6},"end":{"line":21,"column":10}}],"line":19}},"s":{"0":1,"1":0,"2":0,"3":0,"4":0,"5":0,"6":0,"7":0,"8":0},"f":{"0":0},"b":{"0":[0],"1":[0],"2":[0,0],"3":[0,0],"4":[0,0],"5":[0,0],"6":[0,0]},"_coverageSchema":"1a1c01bbd47fc00a2c39e90264f33305004495a9","hash":"16b27856d98bc2098ae790c3efbc5867cf8f1f5d"}
}
