{"D:\\my-brand-be\\src\\config\\status.js": {"path":"D:\\my-brand-be\\src\\config\\status.js","statementMap":{"0":{"start":{"line":1,"column":15},"end":{"line":16,"column":1}},"1":{"start":{"line":16,"column":1},"end":{"line":16,"column":null}}},"fnMap":{},"branchMap":{},"s":{"0":1,"1":1},"f":{},"b":{},"_coverageSchema":"1a1c01bbd47fc00a2c39e90264f33305004495a9","hash":"12cfc9c6fddf1dc7a1414cd362e1d0fd0f8e21b4"}
,"D:\\my-brand-be\\src\\controller\\auth.js": {"path":"D:\\my-brand-be\\src\\controller\\auth.js","statementMap":{"0":{"start":{"line":1,"column":0},"end":{"line":1,"column":null}},"1":{"start":{"line":2,"column":0},"end":{"line":2,"column":null}},"2":{"start":{"line":3,"column":0},"end":{"line":3,"column":66}},"3":{"start":{"line":3,"column":66},"end":{"line":3,"column":null}},"4":{"start":{"line":5,"column":29},"end":{"line":5,"column":32}},"5":{"start":{"line":5,"column":29},"end":{"line":13,"column":2}},"6":{"start":{"line":5,"column":47},"end":{"line":11,"column":null}},"7":{"start":{"line":5,"column":47},"end":{"line":5,"column":null}},"8":{"start":{"line":5,"column":47},"end":{"line":7,"column":42}},"9":{"start":{"line":7,"column":37},"end":{"line":7,"column":42}},"10":{"start":{"line":7,"column":37},"end":{"line":8,"column":null}},"11":{"start":{"line":8,"column":14},"end":{"line":8,"column":27}},"12":{"start":{"line":9,"column":8},"end":{"line":9,"column":88}},"13":{"start":{"line":9,"column":88},"end":{"line":9,"column":null}},"14":{"start":{"line":11,"column":8},"end":{"line":11,"column":72}},"15":{"start":{"line":11,"column":72},"end":{"line":11,"column":null}},"16":{"start":{"line":13,"column":1},"end":{"line":5,"column":32}},"17":{"start":{"line":13,"column":2},"end":{"line":13,"column":null}},"18":{"start":{"line":15,"column":28},"end":{"line":15,"column":31}},"19":{"start":{"line":15,"column":28},"end":{"line":23,"column":2}},"20":{"start":{"line":15,"column":46},"end":{"line":21,"column":null}},"21":{"start":{"line":15,"column":46},"end":{"line":15,"column":null}},"22":{"start":{"line":15,"column":46},"end":{"line":17,"column":36}},"23":{"start":{"line":17,"column":31},"end":{"line":17,"column":36}},"24":{"start":{"line":17,"column":31},"end":{"line":18,"column":null}},"25":{"start":{"line":18,"column":14},"end":{"line":18,"column":27}},"26":{"start":{"line":19,"column":8},"end":{"line":19,"column":85}},"27":{"start":{"line":19,"column":85},"end":{"line":19,"column":null}},"28":{"start":{"line":21,"column":8},"end":{"line":21,"column":72}},"29":{"start":{"line":21,"column":72},"end":{"line":21,"column":null}},"30":{"start":{"line":23,"column":1},"end":{"line":15,"column":31}},"31":{"start":{"line":23,"column":2},"end":{"line":23,"column":null}}},"fnMap":{"0":{"name":"_interopRequireDefault","decl":{"start":{"line":3,"column":66},"end":{"line":3,"column":null}},"loc":{"start":{"line":3,"column":66},"end":{"line":3,"column":null}}},"1":{"name":"_regeneratorRuntime","decl":{"start":{"line":2,"column":0},"end":{"line":2,"column":null}},"loc":{"start":{"line":2,"column":0},"end":{"line":2,"column":null}}},"2":{"name":"(anonymous_61)","decl":{"start":{"line":5,"column":29},"end":{"line":5,"column":32}},"loc":{"start":{"line":5,"column":29},"end":{"line":5,"column":32}}},"3":{"name":"_callee","decl":{"start":{"line":5,"column":32},"end":{"line":5,"column":39}},"loc":{"start":{"line":5,"column":47},"end":{"line":11,"column":null}}},"4":{"name":"_callee$","decl":{"start":{"line":5,"column":47},"end":{"line":5,"column":null}},"loc":{"start":{"line":5,"column":47},"end":{"line":11,"column":null}}},"5":{"name":"signupController","decl":{"start":{"line":5,"column":13},"end":{"line":5,"column":29}},"loc":{"start":{"line":5,"column":29},"end":{"line":5,"column":32}}},"6":{"name":"(anonymous_65)","decl":{"start":{"line":15,"column":28},"end":{"line":15,"column":31}},"loc":{"start":{"line":15,"column":28},"end":{"line":15,"column":31}}},"7":{"name":"_callee2","decl":{"start":{"line":15,"column":31},"end":{"line":15,"column":38}},"loc":{"start":{"line":15,"column":46},"end":{"line":21,"column":null}}},"8":{"name":"_callee2$","decl":{"start":{"line":15,"column":46},"end":{"line":15,"column":null}},"loc":{"start":{"line":15,"column":46},"end":{"line":21,"column":null}}},"9":{"name":"loginController","decl":{"start":{"line":15,"column":13},"end":{"line":15,"column":28}},"loc":{"start":{"line":15,"column":28},"end":{"line":15,"column":31}}}},"branchMap":{"0":{"loc":{"start":{"line":3,"column":66},"end":{"line":3,"column":null}},"type":"cond-expr","locations":[{"start":{"line":3,"column":66},"end":{"line":3,"column":null}},{"start":{"line":3,"column":66},"end":{"line":3,"column":null}}]},"1":{"loc":{"start":{"line":2,"column":0},"end":{"line":2,"column":null}},"type":"binary-expr","locations":[{"start":{"line":2,"column":0},"end":{"line":2,"column":null}},{"start":{"line":2,"column":0},"end":{"line":2,"column":null}}]},"2":{"loc":{"start":{"line":2,"column":0},"end":{"line":2,"column":null}},"type":"binary-expr","locations":[{"start":{"line":2,"column":0},"end":{"line":2,"column":null}},{"start":{"line":2,"column":0},"end":{"line":2,"column":null}},{"start":{"line":2,"column":0},"end":{"line":2,"column":null}},{"start":{"line":2,"column":0},"end":{"line":2,"column":null}}]},"3":{"loc":{"start":{"line":2,"column":0},"end":{"line":2,"column":null}},"type":"if","locations":[{"start":{"line":2,"column":0},"end":{"line":2,"column":null}}]},"4":{"loc":{"start":{"line":2,"column":0},"end":{"line":2,"column":null}},"type":"binary-expr","locations":[{"start":{"line":2,"column":0},"end":{"line":2,"column":null}},{"start":{"line":2,"column":0},"end":{"line":2,"column":null}},{"start":{"line":2,"column":0},"end":{"line":2,"column":null}}]},"5":{"loc":{"start":{"line":2,"column":0},"end":{"line":2,"column":null}},"type":"binary-expr","locations":[{"start":{"line":2,"column":0},"end":{"line":2,"column":null}},{"start":{"line":2,"column":0},"end":{"line":2,"column":null}},{"start":{"line":2,"column":0},"end":{"line":2,"column":null}},{"start":{"line":2,"column":0},"end":{"line":2,"column":null}},{"start":{"line":2,"column":0},"end":{"line":2,"column":null}}]},"6":{"loc":{"start":{"line":2,"column":0},"end":{"line":2,"column":null}},"type":"binary-expr","locations":[{"start":{"line":2,"column":0},"end":{"line":2,"column":null}},{"start":{"line":2,"column":0},"end":{"line":2,"column":null}},{"start":{"line":2,"column":0},"end":{"line":2,"column":null}},{"start":{"line":2,"column":0},"end":{"line":2,"column":null}},{"start":{"line":2,"column":0},"end":{"line":2,"column":null}},{"start":{"line":2,"column":0},"end":{"line":2,"column":null}}]},"7":{"loc":{"start":{"line":5,"column":47},"end":{"line":11,"column":null}},"type":"switch","locations":[{"start":{"line":5,"column":47},"end":{"line":8,"column":null}},{"start":{"line":8,"column":56},"end":{"line":9,"column":null}},{"start":{"line":9,"column":88},"end":{"line":11,"column":72}},{"start":{"line":11,"column":72},"end":{"line":11,"column":null}},{"start":{"line":11,"column":72},"end":{"line":11,"column":null}}]},"8":{"loc":{"start":{"line":15,"column":46},"end":{"line":21,"column":null}},"type":"switch","locations":[{"start":{"line":15,"column":46},"end":{"line":18,"column":null}},{"start":{"line":18,"column":49},"end":{"line":19,"column":null}},{"start":{"line":19,"column":85},"end":{"line":21,"column":72}},{"start":{"line":21,"column":72},"end":{"line":21,"column":null}},{"start":{"line":21,"column":72},"end":{"line":21,"column":null}}]}},"s":{"0":2,"1":213,"2":3,"3":3,"4":4,"5":2,"6":12,"7":2,"8":2,"9":2,"10":2,"11":1,"12":1,"13":4,"14":1,"15":2,"16":1,"17":1,"18":1,"19":1,"20":0,"21":0,"22":0,"23":0,"24":0,"25":0,"26":0,"27":0,"28":0,"29":0,"30":1,"31":1},"f":{"0":4,"1":73,"2":1,"3":2,"4":4,"5":2,"6":1,"7":0,"8":0,"9":0},"b":{"0":[2,1],"1":[34,17],"2":[1,1,1,1],"3":[10],"4":[0,0,0],"5":[0,0,0,0,0],"6":[0,0,0,0,0,0],"7":[2,1,1,2,2],"8":[0,0,0,0,0]},"_coverageSchema":"1a1c01bbd47fc00a2c39e90264f33305004495a9","hash":"18236add7455060c6567cafe0f50be3e93e73196"}
,"D:\\my-brand-be\\src\\database\\models\\authentication.js": {"path":"D:\\my-brand-be\\src\\database\\models\\authentication.js","statementMap":{"0":{"start":{"line":1,"column":0},"end":{"line":1,"column":null}},"1":{"start":{"line":2,"column":0},"end":{"line":2,"column":null}},"2":{"start":{"line":3,"column":0},"end":{"line":3,"column":null}},"3":{"start":{"line":4,"column":0},"end":{"line":4,"column":40}},"4":{"start":{"line":4,"column":40},"end":{"line":4,"column":null}},"5":{"start":{"line":6,"column":19},"end":{"line":20,"column":2}},"6":{"start":{"line":22,"column":0},"end":{"line":28,"column":null}},"7":{"start":{"line":22,"column":21},"end":{"line":28,"column":2}},"8":{"start":{"line":22,"column":43},"end":{"line":27,"column":null}},"9":{"start":{"line":23,"column":8},"end":{"line":23,"column":null}},"10":{"start":{"line":23,"column":19},"end":{"line":24,"column":null}},"11":{"start":{"line":24,"column":33},"end":{"line":24,"column":null}},"12":{"start":{"line":24,"column":33},"end":{"line":25,"column":null}},"13":{"start":{"line":25,"column":4},"end":{"line":25,"column":26}},"14":{"start":{"line":27,"column":2},"end":{"line":27,"column":9}},"15":{"start":{"line":27,"column":9},"end":{"line":27,"column":null}},"16":{"start":{"line":28,"column":1},"end":{"line":28,"column":2}},"17":{"start":{"line":30,"column":20},"end":{"line":30,"column":54}},"18":{"start":{"line":30,"column":55},"end":{"line":30,"column":null}},"19":{"start":{"line":32,"column":19},"end":{"line":32,"column":22}},"20":{"start":{"line":32,"column":19},"end":{"line":36,"column":2}},"21":{"start":{"line":32,"column":50},"end":{"line":35,"column":null}},"22":{"start":{"line":33,"column":8},"end":{"line":33,"column":null}},"23":{"start":{"line":33,"column":50},"end":{"line":33,"column":null}},"24":{"start":{"line":33,"column":50},"end":{"line":34,"column":null}},"25":{"start":{"line":34,"column":19},"end":{"line":35,"column":null}},"26":{"start":{"line":35,"column":13},"end":{"line":35,"column":null}},"27":{"start":{"line":36,"column":1},"end":{"line":32,"column":22}},"28":{"start":{"line":36,"column":2},"end":{"line":36,"column":null}},"29":{"start":{"line":38,"column":18},"end":{"line":38,"column":21}},"30":{"start":{"line":38,"column":18},"end":{"line":49,"column":2}},"31":{"start":{"line":38,"column":43},"end":{"line":48,"column":null}},"32":{"start":{"line":38,"column":43},"end":{"line":38,"column":null}},"33":{"start":{"line":38,"column":43},"end":{"line":39,"column":null}},"34":{"start":{"line":39,"column":8},"end":{"line":39,"column":21}},"35":{"start":{"line":39,"column":12},"end":{"line":40,"column":19}},"36":{"start":{"line":40,"column":11},"end":{"line":40,"column":19}},"37":{"start":{"line":40,"column":11},"end":{"line":40,"column":null}},"38":{"start":{"line":40,"column":57},"end":{"line":40,"column":null}},"39":{"start":{"line":40,"column":57},"end":{"line":42,"column":null}},"40":{"start":{"line":42,"column":8},"end":{"line":42,"column":24}},"41":{"start":{"line":42,"column":15},"end":{"line":43,"column":22}},"42":{"start":{"line":43,"column":14},"end":{"line":43,"column":22}},"43":{"start":{"line":43,"column":14},"end":{"line":43,"column":null}},"44":{"start":{"line":44,"column":8},"end":{"line":46,"column":null}},"45":{"start":{"line":47,"column":8},"end":{"line":47,"column":null}},"46":{"start":{"line":47,"column":46},"end":{"line":48,"column":null}},"47":{"start":{"line":48,"column":22},"end":{"line":48,"column":null}},"48":{"start":{"line":49,"column":1},"end":{"line":38,"column":21}},"49":{"start":{"line":49,"column":2},"end":{"line":49,"column":null}}},"fnMap":{"0":{"name":"_getRequireWildcardCache","decl":{"start":{"line":4,"column":40},"end":{"line":4,"column":null}},"loc":{"start":{"line":4,"column":40},"end":{"line":4,"column":null}}},"1":{"name":"_regeneratorRuntime","decl":{"start":{"line":2,"column":0},"end":{"line":2,"column":null}},"loc":{"start":{"line":2,"column":0},"end":{"line":2,"column":null}}},"2":{"name":"(anonymous_64)","decl":{"start":{"line":22,"column":21},"end":{"line":22,"column":23}},"loc":{"start":{"line":22,"column":21},"end":{"line":28,"column":2}}},"3":{"name":"_callee","decl":{"start":{"line":22,"column":23},"end":{"line":22,"column":39}},"loc":{"start":{"line":22,"column":43},"end":{"line":27,"column":null}}},"4":{"name":"_callee$","decl":{"start":{"line":22,"column":43},"end":{"line":22,"column":null}},"loc":{"start":{"line":22,"column":43},"end":{"line":27,"column":null}}},"5":{"name":"(anonymous_67)","decl":{"start":{"line":28,"column":1},"end":{"line":28,"column":2}},"loc":{"start":{"line":28,"column":1},"end":{"line":28,"column":2}}},"6":{"name":"(anonymous_68)","decl":{"start":{"line":32,"column":19},"end":{"line":32,"column":22}},"loc":{"start":{"line":32,"column":19},"end":{"line":32,"column":22}}},"7":{"name":"_callee2","decl":{"start":{"line":32,"column":22},"end":{"line":32,"column":29}},"loc":{"start":{"line":32,"column":50},"end":{"line":35,"column":null}}},"8":{"name":"_callee2$","decl":{"start":{"line":32,"column":50},"end":{"line":32,"column":null}},"loc":{"start":{"line":32,"column":50},"end":{"line":35,"column":null}}},"9":{"name":"signup","decl":{"start":{"line":32,"column":13},"end":{"line":32,"column":19}},"loc":{"start":{"line":32,"column":19},"end":{"line":32,"column":22}}},"10":{"name":"(anonymous_72)","decl":{"start":{"line":38,"column":18},"end":{"line":38,"column":21}},"loc":{"start":{"line":38,"column":18},"end":{"line":38,"column":21}}},"11":{"name":"_callee3","decl":{"start":{"line":38,"column":21},"end":{"line":38,"column":28}},"loc":{"start":{"line":38,"column":43},"end":{"line":48,"column":null}}},"12":{"name":"_callee3$","decl":{"start":{"line":38,"column":43},"end":{"line":38,"column":null}},"loc":{"start":{"line":38,"column":43},"end":{"line":48,"column":null}}},"13":{"name":"login","decl":{"start":{"line":38,"column":13},"end":{"line":38,"column":18}},"loc":{"start":{"line":38,"column":18},"end":{"line":38,"column":21}}}},"branchMap":{"0":{"loc":{"start":{"line":4,"column":40},"end":{"line":4,"column":null}},"type":"if","locations":[{"start":{"line":4,"column":40},"end":{"line":4,"column":null}}]},"1":{"loc":{"start":{"line":4,"column":40},"end":{"line":4,"column":null}},"type":"cond-expr","locations":[{"start":{"line":4,"column":40},"end":{"line":4,"column":null}},{"start":{"line":4,"column":40},"end":{"line":4,"column":null}}]},"2":{"loc":{"start":{"line":4,"column":40},"end":{"line":4,"column":null}},"type":"binary-expr","locations":[{"start":{"line":4,"column":40},"end":{"line":4,"column":null}},{"start":{"line":4,"column":40},"end":{"line":4,"column":null}},{"start":{"line":4,"column":40},"end":{"line":4,"column":null}}]},"3":{"loc":{"start":{"line":2,"column":0},"end":{"line":2,"column":null}},"type":"binary-expr","locations":[{"start":{"line":2,"column":0},"end":{"line":2,"column":null}},{"start":{"line":2,"column":0},"end":{"line":2,"column":null}}]},"4":{"loc":{"start":{"line":2,"column":0},"end":{"line":2,"column":null}},"type":"binary-expr","locations":[{"start":{"line":2,"column":0},"end":{"line":2,"column":null}},{"start":{"line":2,"column":0},"end":{"line":2,"column":null}},{"start":{"line":2,"column":0},"end":{"line":2,"column":null}},{"start":{"line":2,"column":0},"end":{"line":2,"column":null}}]},"5":{"loc":{"start":{"line":2,"column":0},"end":{"line":2,"column":null}},"type":"if","locations":[{"start":{"line":2,"column":0},"end":{"line":2,"column":null}}]},"6":{"loc":{"start":{"line":2,"column":0},"end":{"line":2,"column":null}},"type":"binary-expr","locations":[{"start":{"line":2,"column":0},"end":{"line":2,"column":null}},{"start":{"line":2,"column":0},"end":{"line":2,"column":null}},{"start":{"line":2,"column":0},"end":{"line":2,"column":null}}]},"7":{"loc":{"start":{"line":2,"column":0},"end":{"line":2,"column":null}},"type":"binary-expr","locations":[{"start":{"line":2,"column":0},"end":{"line":2,"column":null}},{"start":{"line":2,"column":0},"end":{"line":2,"column":null}},{"start":{"line":2,"column":0},"end":{"line":2,"column":null}},{"start":{"line":2,"column":0},"end":{"line":2,"column":null}},{"start":{"line":2,"column":0},"end":{"line":2,"column":null}}]},"8":{"loc":{"start":{"line":2,"column":0},"end":{"line":2,"column":null}},"type":"binary-expr","locations":[{"start":{"line":2,"column":0},"end":{"line":2,"column":null}},{"start":{"line":2,"column":0},"end":{"line":2,"column":null}},{"start":{"line":2,"column":0},"end":{"line":2,"column":null}},{"start":{"line":2,"column":0},"end":{"line":2,"column":null}},{"start":{"line":2,"column":0},"end":{"line":2,"column":null}},{"start":{"line":2,"column":0},"end":{"line":2,"column":null}}]},"9":{"loc":{"start":{"line":22,"column":43},"end":{"line":27,"column":null}},"type":"switch","locations":[{"start":{"line":22,"column":43},"end":{"line":25,"column":null}},{"start":{"line":25,"column":55},"end":{"line":25,"column":26}},{"start":{"line":25,"column":17},"end":{"line":27,"column":9}},{"start":{"line":27,"column":9},"end":{"line":27,"column":null}},{"start":{"line":27,"column":9},"end":{"line":27,"column":null}}]},"10":{"loc":{"start":{"line":23,"column":19},"end":{"line":24,"column":null}},"type":"if","locations":[{"start":{"line":23,"column":19},"end":{"line":24,"column":null}}]},"11":{"loc":{"start":{"line":32,"column":50},"end":{"line":35,"column":null}},"type":"switch","locations":[{"start":{"line":32,"column":50},"end":{"line":34,"column":null}},{"start":{"line":34,"column":19},"end":{"line":35,"column":null}},{"start":{"line":35,"column":13},"end":{"line":35,"column":null}},{"start":{"line":35,"column":13},"end":{"line":35,"column":null}}]},"12":{"loc":{"start":{"line":38,"column":43},"end":{"line":48,"column":null}},"type":"switch","locations":[{"start":{"line":38,"column":43},"end":{"line":39,"column":null}},{"start":{"line":39,"column":44},"end":{"line":40,"column":null}},{"start":{"line":40,"column":57},"end":{"line":42,"column":null}},{"start":{"line":42,"column":63},"end":{"line":43,"column":null}},{"start":{"line":43,"column":60},"end":{"line":48,"column":null}},{"start":{"line":48,"column":22},"end":{"line":48,"column":null}},{"start":{"line":48,"column":22},"end":{"line":48,"column":null}}]},"13":{"loc":{"start":{"line":39,"column":12},"end":{"line":40,"column":19}},"type":"if","locations":[{"start":{"line":39,"column":12},"end":{"line":40,"column":19}}]},"14":{"loc":{"start":{"line":42,"column":15},"end":{"line":43,"column":22}},"type":"if","locations":[{"start":{"line":42,"column":15},"end":{"line":43,"column":22}}]}},"s":{"0":2,"1":55,"2":1,"3":1,"4":4,"5":1,"6":2,"7":2,"8":0,"9":0,"10":0,"11":1,"12":0,"13":0,"14":0,"15":0,"16":1,"17":1,"18":1,"19":1,"20":1,"21":0,"22":0,"23":0,"24":0,"25":0,"26":0,"27":1,"28":1,"29":1,"30":1,"31":0,"32":0,"33":0,"34":0,"35":0,"36":0,"37":0,"38":0,"39":0,"40":0,"41":0,"42":0,"43":0,"44":0,"45":0,"46":0,"47":0,"48":1,"49":1},"f":{"0":4,"1":30,"2":1,"3":0,"4":0,"5":0,"6":1,"7":0,"8":0,"9":0,"10":1,"11":0,"12":0,"13":0},"b":{"0":[1,0],"1":[2,4],"2":[1,1,null],"3":[9,1],"4":[1,1,1,1],"5":[2],"6":[0,0,0],"7":[0,0,0,0,0],"8":[0,0,0,0,0,0],"9":[0,0,0,0,0],"10":[0],"11":[0,0,0,0],"12":[0,0,0,0,0,0,0],"13":[0],"14":[0]},"_coverageSchema":"1a1c01bbd47fc00a2c39e90264f33305004495a9","hash":"242d87d09b87d61a32bcb87104ecf4cd06fbf7d4"}
,"D:\\my-brand-be\\src\\helpers\\index.js": {"path":"D:\\my-brand-be\\src\\helpers\\index.js","statementMap":{"0":{"start":{"line":1,"column":0},"end":{"line":1,"column":34}},"1":{"start":{"line":1,"column":34},"end":{"line":1,"column":null}}},"fnMap":{"0":{"name":"_getRequireWildcardCache","decl":{"start":{"line":1,"column":34},"end":{"line":1,"column":null}},"loc":{"start":{"line":1,"column":34},"end":{"line":1,"column":null}}}},"branchMap":{"0":{"loc":{"start":{"line":1,"column":34},"end":{"line":1,"column":null}},"type":"if","locations":[{"start":{"line":1,"column":34},"end":{"line":1,"column":null}}]},"1":{"loc":{"start":{"line":1,"column":34},"end":{"line":1,"column":null}},"type":"cond-expr","locations":[{"start":{"line":1,"column":34},"end":{"line":1,"column":null}},{"start":{"line":1,"column":34},"end":{"line":1,"column":null}}]},"2":{"loc":{"start":{"line":1,"column":34},"end":{"line":1,"column":null}},"type":"binary-expr","locations":[{"start":{"line":1,"column":34},"end":{"line":1,"column":null}},{"start":{"line":1,"column":34},"end":{"line":1,"column":null}},{"start":{"line":1,"column":34},"end":{"line":1,"column":null}}]}},"s":{"0":1,"1":3},"f":{"0":1},"b":{"0":[1],"1":[0,0],"2":[1,1,1]},"_coverageSchema":"1a1c01bbd47fc00a2c39e90264f33305004495a9","hash":"bf68208834a78b6136f469a8b78de7b619113199"}
,"D:\\my-brand-be\\src\\helpers\\tokens\\index.js": {"path":"D:\\my-brand-be\\src\\helpers\\tokens\\index.js","statementMap":{"0":{"start":{"line":1,"column":0},"end":{"line":1,"column":null}},"1":{"start":{"line":2,"column":0},"end":{"line":2,"column":36}},"2":{"start":{"line":2,"column":36},"end":{"line":2,"column":null}}},"fnMap":{"0":{"name":"_interopRequireDefault","decl":{"start":{"line":2,"column":36},"end":{"line":2,"column":null}},"loc":{"start":{"line":2,"column":36},"end":{"line":2,"column":null}}}},"branchMap":{"0":{"loc":{"start":{"line":2,"column":36},"end":{"line":2,"column":null}},"type":"cond-expr","locations":[{"start":{"line":2,"column":36},"end":{"line":2,"column":null}},{"start":{"line":2,"column":36},"end":{"line":2,"column":null}}]}},"s":{"0":1,"1":1,"2":2},"f":{"0":2},"b":{"0":[4,2]},"_coverageSchema":"1a1c01bbd47fc00a2c39e90264f33305004495a9","hash":"003c8936dd85e553d21fe19564d1d2442cb854b4"}
,"D:\\my-brand-be\\src\\helpers\\tokens\\tokenDecoder.js": {"path":"D:\\my-brand-be\\src\\helpers\\tokens\\tokenDecoder.js","statementMap":{"0":{"start":{"line":1,"column":0},"end":{"line":1,"column":null}},"1":{"start":{"line":3,"column":0},"end":{"line":3,"column":28}},"2":{"start":{"line":3,"column":28},"end":{"line":3,"column":null}},"3":{"start":{"line":5,"column":0},"end":{"line":5,"column":null}},"4":{"start":{"line":10,"column":15},"end":{"line":18,"column":1}},"5":{"start":{"line":10,"column":21},"end":{"line":10,"column":26}},"6":{"start":{"line":11,"column":4},"end":{"line":17,"column":null}},"7":{"start":{"line":12,"column":8},"end":{"line":12,"column":null}},"8":{"start":{"line":14,"column":8},"end":{"line":16,"column":null}},"9":{"start":{"line":18,"column":1},"end":{"line":18,"column":null}}},"fnMap":{"0":{"name":"_interopRequireDefault","decl":{"start":{"line":3,"column":28},"end":{"line":3,"column":null}},"loc":{"start":{"line":3,"column":28},"end":{"line":3,"column":null}}},"1":{"name":"_default","decl":{"start":{"line":10,"column":15},"end":{"line":10,"column":16}},"loc":{"start":{"line":10,"column":29},"end":{"line":18,"column":1}}}},"branchMap":{"0":{"loc":{"start":{"line":3,"column":28},"end":{"line":3,"column":null}},"type":"cond-expr","locations":[{"start":{"line":3,"column":28},"end":{"line":3,"column":null}},{"start":{"line":3,"column":28},"end":{"line":3,"column":null}}]},"1":{"loc":{"start":{"line":10,"column":21},"end":{"line":10,"column":26}},"type":"cond-expr","locations":[{"start":{"line":10,"column":21},"end":{"line":10,"column":24}},{"start":{"line":10,"column":24},"end":{"line":10,"column":26}}]},"2":{"loc":{"start":{"line":10,"column":21},"end":{"line":10,"column":24}},"type":"binary-expr","locations":[{"start":{"line":10,"column":21},"end":{"line":10,"column":24}},{"start":{"line":10,"column":21},"end":{"line":10,"column":24}}]}},"s":{"0":2,"1":1,"2":2,"3":1,"4":1,"5":0,"6":0,"7":0,"8":0,"9":1},"f":{"0":2,"1":0},"b":{"0":[2,null],"1":[0,0],"2":[0,0]},"_coverageSchema":"1a1c01bbd47fc00a2c39e90264f33305004495a9","hash":"9ad23ac2f9082bb09abcfbe3ae3085982459c398"}
,"D:\\my-brand-be\\src\\helpers\\tokens\\tokenGenerator.js": {"path":"D:\\my-brand-be\\src\\helpers\\tokens\\tokenGenerator.js","statementMap":{"0":{"start":{"line":1,"column":0},"end":{"line":1,"column":null}},"1":{"start":{"line":2,"column":0},"end":{"line":2,"column":28}},"2":{"start":{"line":2,"column":28},"end":{"line":2,"column":null}},"3":{"start":{"line":4,"column":0},"end":{"line":4,"column":null}},"4":{"start":{"line":10,"column":15},"end":{"line":22,"column":1}},"5":{"start":{"line":10,"column":23},"end":{"line":10,"column":28}},"6":{"start":{"line":10,"column":39},"end":{"line":10,"column":61}},"7":{"start":{"line":11,"column":23},"end":{"line":11,"column":27}},"8":{"start":{"line":12,"column":2},"end":{"line":18,"column":null}},"9":{"start":{"line":13,"column":4},"end":{"line":13,"column":null}},"10":{"start":{"line":14,"column":9},"end":{"line":18,"column":null}},"11":{"start":{"line":15,"column":4},"end":{"line":15,"column":null}},"12":{"start":{"line":16,"column":9},"end":{"line":18,"column":null}},"13":{"start":{"line":17,"column":4},"end":{"line":17,"column":null}},"14":{"start":{"line":19,"column":2},"end":{"line":21,"column":null}},"15":{"start":{"line":22,"column":1},"end":{"line":22,"column":null}}},"fnMap":{"0":{"name":"_interopRequireDefault","decl":{"start":{"line":2,"column":28},"end":{"line":2,"column":null}},"loc":{"start":{"line":2,"column":28},"end":{"line":2,"column":null}}},"1":{"name":"_default","decl":{"start":{"line":10,"column":15},"end":{"line":10,"column":16}},"loc":{"start":{"line":10,"column":66},"end":{"line":22,"column":1}}}},"branchMap":{"0":{"loc":{"start":{"line":2,"column":28},"end":{"line":2,"column":null}},"type":"cond-expr","locations":[{"start":{"line":2,"column":28},"end":{"line":2,"column":null}},{"start":{"line":2,"column":28},"end":{"line":2,"column":null}}]},"1":{"loc":{"start":{"line":2,"column":28},"end":{"line":2,"column":null}},"type":"binary-expr","locations":[{"start":{"line":2,"column":28},"end":{"line":2,"column":null}},{"start":{"line":2,"column":28},"end":{"line":2,"column":null}},{"start":{"line":2,"column":28},"end":{"line":2,"column":null}},{"start":{"line":2,"column":28},"end":{"line":2,"column":null}}]},"2":{"loc":{"start":{"line":10,"column":23},"end":{"line":10,"column":28}},"type":"cond-expr","locations":[{"start":{"line":10,"column":23},"end":{"line":10,"column":26}},{"start":{"line":10,"column":26},"end":{"line":10,"column":28}}]},"3":{"loc":{"start":{"line":10,"column":23},"end":{"line":10,"column":26}},"type":"binary-expr","locations":[{"start":{"line":10,"column":23},"end":{"line":10,"column":26}},{"start":{"line":10,"column":23},"end":{"line":10,"column":26}}]},"4":{"loc":{"start":{"line":10,"column":39},"end":{"line":10,"column":61}},"type":"cond-expr","locations":[{"start":{"line":10,"column":39},"end":{"line":10,"column":42}},{"start":{"line":10,"column":42},"end":{"line":10,"column":61}}]},"5":{"loc":{"start":{"line":10,"column":39},"end":{"line":10,"column":42}},"type":"binary-expr","locations":[{"start":{"line":10,"column":39},"end":{"line":10,"column":42}},{"start":{"line":10,"column":39},"end":{"line":10,"column":42}}]},"6":{"loc":{"start":{"line":12,"column":2},"end":{"line":18,"column":null}},"type":"if","locations":[{"start":{"line":12,"column":2},"end":{"line":18,"column":null}},{"start":{"line":14,"column":9},"end":{"line":18,"column":null}}]},"7":{"loc":{"start":{"line":14,"column":9},"end":{"line":18,"column":null}},"type":"if","locations":[{"start":{"line":14,"column":9},"end":{"line":18,"column":null}},{"start":{"line":16,"column":9},"end":{"line":18,"column":null}}]},"8":{"loc":{"start":{"line":16,"column":9},"end":{"line":18,"column":null}},"type":"if","locations":[{"start":{"line":16,"column":9},"end":{"line":18,"column":null}}]},"9":{"loc":{"start":{"line":16,"column":13},"end":{"line":16,"column":72}},"type":"binary-expr","locations":[{"start":{"line":16,"column":13},"end":{"line":16,"column":40}},{"start":{"line":16,"column":44},"end":{"line":16,"column":72}}]},"10":{"loc":{"start":{"line":19,"column":9},"end":{"line":21,"column":10}},"type":"cond-expr","locations":[{"start":{"line":20,"column":6},"end":{"line":20,"column":58}},{"start":{"line":21,"column":6},"end":{"line":21,"column":10}}]}},"s":{"0":2,"1":1,"2":2,"3":1,"4":1,"5":0,"6":0,"7":0,"8":0,"9":0,"10":0,"11":0,"12":0,"13":0,"14":0,"15":1},"f":{"0":2,"1":0},"b":{"0":[2,null],"1":[0,null,null,null],"2":[0,0],"3":[0,0],"4":[0,0],"5":[0,0],"6":[0,0],"7":[0,0],"8":[0],"9":[0,0],"10":[0,0]},"_coverageSchema":"1a1c01bbd47fc00a2c39e90264f33305004495a9","hash":"16b27856d98bc2098ae790c3efbc5867cf8f1f5d"}
}
