TN:
SF:src\config\status.js
FNF:0
FNH:0
DA:1,1
DA:16,1
LF:2
LH:2
BRF:0
BRH:0
end_of_record
TN:
SF:src\controller\auth.js
FN:3,_interopRequireDefault
FN:2,_regeneratorRuntime
FN:5,(anonymous_61)
FN:5,_callee
FN:5,_callee$
FN:5,signupController
FN:15,(anonymous_65)
FN:15,_callee2
FN:15,_callee2$
FN:15,loginController
FNF:10
FNH:7
FNDA:4,_interopRequireDefault
FNDA:73,_regeneratorRuntime
FNDA:1,(anonymous_61)
FNDA:2,_callee
FNDA:4,_callee$
FNDA:2,signupController
FNDA:1,(anonymous_65)
FNDA:0,_callee2
FNDA:0,_callee2$
FNDA:0,loginController
DA:1,2
DA:2,213
DA:3,3
DA:5,12
DA:7,2
DA:8,1
DA:9,4
DA:11,2
DA:13,1
DA:15,1
DA:17,0
DA:18,0
DA:19,0
DA:21,0
DA:23,1
LF:15
LH:11
BRDA:3,0,0,2
BRDA:3,0,1,1
BRDA:2,1,0,34
BRDA:2,1,1,17
BRDA:2,2,0,1
BRDA:2,2,1,1
BRDA:2,2,2,1
BRDA:2,2,3,1
BRDA:2,3,0,10
BRDA:2,4,0,0
BRDA:2,4,1,0
BRDA:2,4,2,0
BRDA:2,5,0,0
BRDA:2,5,1,0
BRDA:2,5,2,0
BRDA:2,5,3,0
BRDA:2,5,4,0
BRDA:2,6,0,0
BRDA:2,6,1,0
BRDA:2,6,2,0
BRDA:2,6,3,0
BRDA:2,6,4,0
BRDA:2,6,5,0
BRDA:5,7,0,2
BRDA:5,7,1,1
BRDA:5,7,2,1
BRDA:5,7,3,2
BRDA:5,7,4,2
BRDA:15,8,0,0
BRDA:15,8,1,0
BRDA:15,8,2,0
BRDA:15,8,3,0
BRDA:15,8,4,0
BRF:33
BRH:14
end_of_record
TN:
SF:src\database\models\authentication.js
FN:4,_getRequireWildcardCache
FN:2,_regeneratorRuntime
FN:22,(anonymous_64)
FN:22,_callee
FN:22,_callee$
FN:28,(anonymous_67)
FN:32,(anonymous_68)
FN:32,_callee2
FN:32,_callee2$
FN:32,signup
FN:38,(anonymous_72)
FN:38,_callee3
FN:38,_callee3$
FN:38,login
FNF:14
FNH:5
FNDA:4,_getRequireWildcardCache
FNDA:30,_regeneratorRuntime
FNDA:1,(anonymous_64)
FNDA:0,_callee
FNDA:0,_callee$
FNDA:0,(anonymous_67)
FNDA:1,(anonymous_68)
FNDA:0,_callee2
FNDA:0,_callee2$
FNDA:0,signup
FNDA:1,(anonymous_72)
FNDA:0,_callee3
FNDA:0,_callee3$
FNDA:0,login
DA:1,2
DA:2,55
DA:3,1
DA:4,4
DA:6,1
DA:22,2
DA:23,0
DA:24,1
DA:25,0
DA:27,0
DA:28,1
DA:30,1
DA:32,1
DA:33,0
DA:34,0
DA:35,0
DA:36,1
DA:38,1
DA:39,0
DA:40,0
DA:42,0
DA:43,0
DA:44,0
DA:47,0
DA:48,0
DA:49,1
LF:26
LH:13
BRDA:4,0,0,1
BRDA:4,0,1,0
BRDA:4,1,0,2
BRDA:4,1,1,4
BRDA:4,2,0,1
BRDA:4,2,1,1
BRDA:4,2,2,NaN
BRDA:2,3,0,9
BRDA:2,3,1,1
BRDA:2,4,0,1
BRDA:2,4,1,1
BRDA:2,4,2,1
BRDA:2,4,3,1
BRDA:2,5,0,2
BRDA:2,6,0,0
BRDA:2,6,1,0
BRDA:2,6,2,0
BRDA:2,7,0,0
BRDA:2,7,1,0
BRDA:2,7,2,0
BRDA:2,7,3,0
BRDA:2,7,4,0
BRDA:2,8,0,0
BRDA:2,8,1,0
BRDA:2,8,2,0
BRDA:2,8,3,0
BRDA:2,8,4,0
BRDA:2,8,5,0
BRDA:22,9,0,0
BRDA:22,9,1,0
BRDA:22,9,2,0
BRDA:22,9,3,0
BRDA:22,9,4,0
BRDA:23,10,0,0
BRDA:32,11,0,0
BRDA:32,11,1,0
BRDA:32,11,2,0
BRDA:32,11,3,0
BRDA:38,12,0,0
BRDA:38,12,1,0
BRDA:38,12,2,0
BRDA:38,12,3,0
BRDA:38,12,4,0
BRDA:38,12,5,0
BRDA:38,12,6,0
BRDA:39,13,0,0
BRDA:42,14,0,0
BRF:47
BRH:12
end_of_record
TN:
SF:src\helpers\index.js
FN:1,_getRequireWildcardCache
FNF:1
FNH:1
FNDA:1,_getRequireWildcardCache
DA:1,3
LF:1
LH:1
BRDA:1,0,0,1
BRDA:1,1,0,0
BRDA:1,1,1,0
BRDA:1,2,0,1
BRDA:1,2,1,1
BRDA:1,2,2,1
BRF:6
BRH:4
end_of_record
TN:
SF:src\helpers\tokens\index.js
FN:2,_interopRequireDefault
FNF:1
FNH:1
FNDA:2,_interopRequireDefault
DA:1,1
DA:2,2
LF:2
LH:2
BRDA:2,0,0,4
BRDA:2,0,1,2
BRF:2
BRH:2
end_of_record
TN:
SF:src\helpers\tokens\tokenDecoder.js
FN:3,_interopRequireDefault
FN:10,_default
FNF:2
FNH:1
FNDA:2,_interopRequireDefault
FNDA:0,_default
DA:1,2
DA:3,2
DA:5,1
DA:10,1
DA:11,0
DA:12,0
DA:14,0
DA:18,1
LF:8
LH:5
BRDA:3,0,0,2
BRDA:3,0,1,NaN
BRDA:10,1,0,0
BRDA:10,1,1,0
BRDA:10,2,0,0
BRDA:10,2,1,0
BRF:6
BRH:1
end_of_record
TN:
SF:src\helpers\tokens\tokenGenerator.js
FN:2,_interopRequireDefault
FN:10,_default
FNF:2
FNH:1
FNDA:2,_interopRequireDefault
FNDA:0,_default
DA:1,2
DA:2,2
DA:4,1
DA:10,1
DA:11,0
DA:12,0
DA:13,0
DA:14,0
DA:15,0
DA:16,0
DA:17,0
DA:19,0
DA:22,1
LF:13
LH:5
BRDA:2,0,0,2
BRDA:2,0,1,NaN
BRDA:2,1,0,0
BRDA:2,1,1,NaN
BRDA:2,1,2,NaN
BRDA:2,1,3,NaN
BRDA:10,2,0,0
BRDA:10,2,1,0
BRDA:10,3,0,0
BRDA:10,3,1,0
BRDA:10,4,0,0
BRDA:10,4,1,0
BRDA:10,5,0,0
BRDA:10,5,1,0
BRDA:12,6,0,0
BRDA:12,6,1,0
BRDA:14,7,0,0
BRDA:14,7,1,0
BRDA:16,8,0,0
BRDA:16,9,0,0
BRDA:16,9,1,0
BRDA:19,10,0,0
BRDA:19,10,1,0
BRF:23
BRH:1
end_of_record
