TN:
SF:src\config\status.js
FNF:0
FNH:0
LF:0
LH:0
BRF:0
BRH:0
end_of_record
TN:
SF:src\controller\auth.js
FN:5,(anonymous_0)
FN:15,(anonymous_1)
FNF:2
FNH:2
FNDA:2,(anonymous_0)
FNDA:2,(anonymous_1)
DA:5,1
DA:6,2
DA:7,2
DA:8,2
DA:9,1
DA:11,1
DA:15,1
DA:16,2
DA:17,2
DA:18,2
DA:19,1
DA:21,1
LF:12
LH:12
BRF:0
BRH:0
end_of_record
TN:
SF:src\database\models\authentication.js
FN:22,(anonymous_0)
FN:32,(anonymous_1)
FN:38,(anonymous_2)
FNF:3
FNH:0
FNDA:0,(anonymous_0)
FNDA:0,(anonymous_1)
FNDA:0,(anonymous_2)
DA:6,1
DA:22,1
DA:23,0
DA:24,0
DA:25,0
DA:27,0
DA:30,1
DA:32,1
DA:33,0
DA:34,0
DA:35,0
DA:38,1
DA:39,0
DA:40,0
DA:42,0
DA:43,0
DA:44,0
DA:47,0
DA:48,0
LF:19
LH:5
BRDA:24,0,0,0
BRDA:24,0,1,0
BRDA:40,1,0,0
BRDA:40,1,1,0
BRDA:43,2,0,0
BRDA:43,2,1,0
BRF:6
BRH:0
end_of_record
TN:
SF:src\helpers\index.js
FNF:0
FNH:0
LF:0
LH:0
BRF:0
BRH:0
end_of_record
TN:
SF:src\helpers\tokens\index.js
FNF:0
FNH:0
LF:0
LH:0
BRF:0
BRH:0
end_of_record
TN:
SF:src\helpers\tokens\tokenDecoder.js
FN:10,(anonymous_0)
FNF:1
FNH:0
FNDA:0,(anonymous_0)
DA:5,1
DA:11,0
DA:12,0
DA:14,0
LF:4
LH:1
BRDA:10,0,0,0
BRF:1
BRH:0
end_of_record
TN:
SF:src\helpers\tokens\tokenGenerator.js
FN:10,(anonymous_0)
FNF:1
FNH:0
FNDA:0,(anonymous_0)
DA:4,1
DA:11,0
DA:12,0
DA:13,0
DA:14,0
DA:15,0
DA:16,0
DA:17,0
DA:19,0
LF:9
LH:1
BRDA:10,0,0,0
BRDA:10,1,0,0
BRDA:12,2,0,0
BRDA:12,2,1,0
BRDA:14,3,0,0
BRDA:14,3,1,0
BRDA:16,4,0,0
BRDA:16,4,1,0
BRDA:16,5,0,0
BRDA:16,5,1,0
BRDA:19,6,0,0
BRDA:19,6,1,0
BRF:12
BRH:0
end_of_record
